{"name": "test_unlock_the_door", "status": "failed", "statusDetails": {"message": "AssertionError: assert -1 == 1", "trace": "self = <test_embedded_mobile.TestEmbeddedMobile object at 0x107a1dee0>\ndriver = <appium.webdriver.webdriver.WebDriver (session=\"27ac3fdb-9078-422d-8532-3be11eb78f0e\")>\n\n    def test_unlock_the_door(self, driver):\n        edge_to_call = getattr(globals()['TestEmbeddedMobile'](), self.my_came_from)\n        edge_to_call(driver)\n        office_id, status, data = ParseData.parse_data(self.data_json_path)\n        print(\"\\nData:\" + str(status))\n>       assert status == 1\nE       assert -1 == 1\n\nIntegration_Test/embedded_mobile/test_embedded_mobile.py:191: AssertionError"}, "start": 1589892497762, "stop": 1589892508796, "uuid": "defd5c2a-9511-45a8-a6f3-5a44d7c64e9e", "historyId": "a887b1be1f8a3df24cc9173a38d46024", "testCaseId": "fd9238e045bd965b3928d9fef9873858", "fullName": "smartdoorlocktestautomation.SmartDoorLock.Integration_Test.embedded_mobile.test_embedded_mobile.TestEmbeddedMobile#test_unlock_the_door", "labels": [{"name": "parentSuite", "value": "smartdoorlocktestautomation.SmartDoorLock.Integration_Test.embedded_mobile"}, {"name": "suite", "value": "test_embedded_mobile"}, {"name": "subSuite", "value": "TestEmbeddedMobile"}, {"name": "host", "value": "User.local"}, {"name": "thread", "value": "18729-MainThread"}, {"name": "framework", "value": "pytest"}, {"name": "language", "value": "cpython3"}, {"name": "package", "value": "smartdoorlocktestautomation.SmartDoorLock.Integration_Test.embedded_mobile.test_embedded_mobile"}]}